{"level":"info","message":"Conected to MongoDB","timestamp":"2019-05-18T01:57:13.103Z"}
{"level":"info","message":"Conected to MongoDB","timestamp":"2019-05-18T01:59:42.080Z"}
{"level":"info","message":"Conected to MongoDB","timestamp":"2019-05-18T01:59:56.692Z"}
{"level":"info","message":"Conected to MongoDB","timestamp":"2019-05-18T02:02:48.528Z"}
{"level":"info","message":"Conected to MongoDB","timestamp":"2019-05-18T02:02:56.421Z"}
{"level":"info","message":"Conected to MongoDB","timestamp":"2019-05-18T02:08:16.891Z"}
{"level":"info","message":"Conected to MongoDB","timestamp":"2019-05-18T02:08:56.090Z"}
{"level":"info","message":"Conected to MongoDB","timestamp":"2019-05-18T02:10:48.838Z"}
{"level":"info","message":"Conected to MongoDB","timestamp":"2019-05-18T02:11:33.565Z"}
{"level":"info","message":"Conected to MongoDB","timestamp":"2019-05-18T02:13:31.699Z"}
{"level":"info","message":"Conected to MongoDB","timestamp":"2019-05-18T02:21:03.538Z"}
{"level":"info","message":"Conected to MongoDB","timestamp":"2019-05-18T02:21:25.402Z"}
{"level":"info","message":"Conected to MongoDB","timestamp":"2019-05-18T02:23:39.353Z"}
{"level":"info","message":"Conected to MongoDB","timestamp":"2019-05-18T02:26:31.940Z"}
{"level":"info","message":"Conected to MongoDB","timestamp":"2019-05-18T02:30:52.219Z"}
{"level":"info","message":"Conected to MongoDB","timestamp":"2019-05-18T02:30:56.604Z"}
{"level":"info","message":"Conected to MongoDB","timestamp":"2019-05-18T02:31:12.396Z"}
{"level":"info","message":"Conected to MongoDB","timestamp":"2019-05-18T02:32:00.258Z"}
{"level":"info","message":"Conected to MongoDB","timestamp":"2019-05-18T02:32:21.305Z"}
{"level":"info","message":"Conected to MongoDB","timestamp":"2019-05-18T02:33:28.597Z"}
{"level":"info","message":"Conected to MongoDB","timestamp":"2019-05-18T02:33:58.298Z"}
{"level":"info","message":"Conected to MongoDB","timestamp":"2019-05-18T02:34:59.191Z"}
{"level":"info","message":"Conected to MongoDB","timestamp":"2019-05-18T02:35:42.208Z"}
{"level":"info","message":"Conected to MongoDB","timestamp":"2019-05-18T02:36:10.068Z"}
{"level":"info","message":"Conected to MongoDB","timestamp":"2019-05-18T02:37:34.322Z"}
{"level":"info","message":"Conected to MongoDB","timestamp":"2019-05-18T02:37:59.963Z"}
{"level":"info","message":"Conected to MongoDB","timestamp":"2019-05-18T02:53:09.058Z"}
{"level":"info","message":"Conected to MongoDB","timestamp":"2019-05-18T02:57:16.108Z"}
{"level":"info","message":"Conected to MongoDB","timestamp":"2019-05-18T02:59:56.771Z"}
{"level":"info","message":"Conected to MongoDB","timestamp":"2019-05-18T03:01:18.822Z"}
{"level":"info","message":"Conected to MongoDB","timestamp":"2019-05-18T03:02:56.480Z"}
{"level":"info","message":"Conected to MongoDB","timestamp":"2019-05-18T03:04:13.982Z"}
{"level":"info","message":"Conected to MongoDB","timestamp":"2019-05-18T03:04:59.488Z"}
{"level":"info","message":"Conected to MongoDB","timestamp":"2019-05-18T03:06:11.388Z"}
{"level":"info","message":"Conected to MongoDB","timestamp":"2019-05-18T03:06:54.210Z"}
{"level":"info","message":"Conected to MongoDB","timestamp":"2019-05-18T03:07:15.535Z"}
{"level":"info","message":"Conected to MongoDB","timestamp":"2019-05-18T03:07:48.482Z"}
{"level":"info","message":"Conected to MongoDB","timestamp":"2019-05-21T11:59:36.471Z"}
{"level":"info","message":"Conected to MongoDB","timestamp":"2019-05-21T12:23:51.151Z"}
{"level":"info","message":"Conected to MongoDB","timestamp":"2019-05-21T12:24:35.758Z"}
<<<<<<< HEAD
{"level":"info","message":"Conected to MongoDB","timestamp":"2019-05-22T10:45:53.580Z"}
{"level":"info","message":"Listening Port: 3000","timestamp":"2019-05-22T10:47:30.875Z"}
{"level":"info","message":"Conected to MongoDB","timestamp":"2019-05-22T10:47:31.902Z"}
{"level":"info","message":"Listening Port: 3000","timestamp":"2019-05-23T20:44:53.569Z"}
{"level":"info","message":"Conected to MongoDB","timestamp":"2019-05-23T20:44:54.594Z"}
{"level":"info","message":"Listening Port: 3000","timestamp":"2019-05-23T21:14:37.098Z"}
{"level":"info","message":"Conected to MongoDB","timestamp":"2019-05-23T21:14:38.119Z"}
{"level":"info","message":"Listening Port: 3000","timestamp":"2019-05-23T22:14:40.683Z"}
{"level":"info","message":"Conected to MongoDB","timestamp":"2019-05-23T22:14:41.706Z"}
{"level":"info","message":"Listening Port: 3000","timestamp":"2019-05-28T14:25:13.145Z"}
{"level":"info","message":"Conected to MongoDB","timestamp":"2019-05-28T14:25:14.176Z"}
{"level":"info","message":"Listening Port: 3000","timestamp":"2019-05-28T14:27:11.798Z"}
{"level":"info","message":"Conected to MongoDB","timestamp":"2019-05-28T14:27:12.820Z"}
{"level":"info","message":"Listening Port: 3000","timestamp":"2019-05-28T14:32:30.969Z"}
{"level":"info","message":"Conected to MongoDB","timestamp":"2019-05-28T14:32:31.992Z"}
{"level":"info","message":"Listening Port: 3000","timestamp":"2019-05-28T14:33:06.959Z"}
{"level":"info","message":"Conected to MongoDB","timestamp":"2019-05-28T14:33:07.982Z"}
{"level":"info","message":"Listening Port: 3000","timestamp":"2019-05-28T14:36:00.805Z"}
{"level":"info","message":"Conected to MongoDB","timestamp":"2019-05-28T14:36:01.826Z"}
{"level":"info","message":"Listening Port: 3000","timestamp":"2019-05-28T14:37:46.941Z"}
{"level":"info","message":"Conected to MongoDB","timestamp":"2019-05-28T14:37:47.964Z"}
{"level":"info","message":"Listening Port: 3000","timestamp":"2019-05-28T14:39:05.301Z"}
{"level":"info","message":"Conected to MongoDB","timestamp":"2019-05-28T14:39:06.325Z"}
{"level":"info","message":"Listening Port: 3000","timestamp":"2019-05-28T14:40:08.505Z"}
{"level":"info","message":"Conected to MongoDB","timestamp":"2019-05-28T14:40:09.528Z"}
{"level":"info","message":"Listening Port: 3000","timestamp":"2019-05-28T14:49:47.689Z"}
{"level":"info","message":"Conected to MongoDB","timestamp":"2019-05-28T14:49:48.713Z"}
{"level":"info","message":"Listening Port: 3000","timestamp":"2019-05-28T14:50:17.141Z"}
{"level":"info","message":"Conected to MongoDB","timestamp":"2019-05-28T14:50:18.188Z"}
{"level":"info","message":"Listening Port: 3000","timestamp":"2019-05-28T14:53:22.791Z"}
{"level":"info","message":"Conected to MongoDB","timestamp":"2019-05-28T14:53:23.950Z"}
{"level":"info","message":"Listening Port: 3000","timestamp":"2019-05-28T14:56:38.452Z"}
{"level":"info","message":"Conected to MongoDB","timestamp":"2019-05-28T14:56:39.476Z"}
{"level":"info","message":"Listening Port: 3000","timestamp":"2019-05-28T14:56:56.576Z"}
{"level":"info","message":"Conected to MongoDB","timestamp":"2019-05-28T14:56:57.650Z"}
{"level":"info","message":"Listening Port: 3000","timestamp":"2019-05-28T14:57:24.579Z"}
{"level":"info","message":"Conected to MongoDB","timestamp":"2019-05-28T14:57:25.612Z"}
{"level":"info","message":"Listening Port: 3000","timestamp":"2019-05-28T14:58:33.176Z"}
{"level":"info","message":"Conected to MongoDB","timestamp":"2019-05-28T14:58:34.230Z"}
{"level":"info","message":"Listening Port: 3000","timestamp":"2019-05-28T14:59:47.832Z"}
{"level":"info","message":"Conected to MongoDB","timestamp":"2019-05-28T14:59:48.967Z"}
{"level":"info","message":"Listening Port: 3000","timestamp":"2019-05-28T15:01:01.278Z"}
{"level":"info","message":"Conected to MongoDB","timestamp":"2019-05-28T15:01:02.329Z"}
{"level":"info","message":"Listening Port: 3000","timestamp":"2019-05-28T15:03:00.458Z"}
{"level":"info","message":"Conected to MongoDB","timestamp":"2019-05-28T15:03:01.512Z"}
{"level":"info","message":"Listening Port: 3000","timestamp":"2019-05-28T15:03:35.667Z"}
{"level":"info","message":"Conected to MongoDB","timestamp":"2019-05-28T15:03:36.720Z"}
{"level":"info","message":"Listening Port: 3000","timestamp":"2019-05-28T15:05:33.430Z"}
{"level":"info","message":"Conected to MongoDB","timestamp":"2019-05-28T15:05:34.464Z"}
{"level":"info","message":"Listening Port: 3000","timestamp":"2019-05-28T15:05:50.873Z"}
{"level":"info","message":"Conected to MongoDB","timestamp":"2019-05-28T15:05:51.943Z"}
{"level":"info","message":"Listening Port: 3000","timestamp":"2019-05-28T15:06:10.558Z"}
{"level":"info","message":"Conected to MongoDB","timestamp":"2019-05-28T15:06:11.689Z"}
{"level":"info","message":"Listening Port: 3000","timestamp":"2019-05-28T15:06:41.067Z"}
{"level":"info","message":"Conected to MongoDB","timestamp":"2019-05-28T15:06:42.093Z"}
{"level":"info","message":"Listening Port: 3000","timestamp":"2019-05-28T15:07:15.269Z"}
{"level":"info","message":"Conected to MongoDB","timestamp":"2019-05-28T15:07:16.364Z"}
{"level":"info","message":"Listening Port: 3000","timestamp":"2019-05-28T15:07:22.455Z"}
{"level":"info","message":"Conected to MongoDB","timestamp":"2019-05-28T15:07:23.491Z"}
{"level":"info","message":"Listening Port: 3000","timestamp":"2019-05-28T15:08:57.267Z"}
{"level":"info","message":"Conected to MongoDB","timestamp":"2019-05-28T15:08:58.291Z"}
{"level":"info","message":"Listening Port: 3000","timestamp":"2019-05-28T15:09:08.047Z"}
{"level":"info","message":"Conected to MongoDB","timestamp":"2019-05-28T15:09:09.075Z"}
{"level":"info","message":"Listening Port: 3000","timestamp":"2019-05-28T15:10:21.820Z"}
{"level":"info","message":"Conected to MongoDB","timestamp":"2019-05-28T15:10:22.843Z"}
{"level":"info","message":"Listening Port: 3000","timestamp":"2019-05-28T15:11:11.744Z"}
{"level":"info","message":"Conected to MongoDB","timestamp":"2019-05-28T15:11:12.767Z"}
{"level":"info","message":"Listening Port: 3000","timestamp":"2019-05-28T15:11:22.412Z"}
{"level":"info","message":"Conected to MongoDB","timestamp":"2019-05-28T15:11:23.435Z"}
{"level":"info","message":"Listening Port: 3000","timestamp":"2019-05-28T15:11:32.790Z"}
{"level":"info","message":"Conected to MongoDB","timestamp":"2019-05-28T15:11:33.813Z"}
{"level":"info","message":"Listening Port: 3000","timestamp":"2019-05-28T15:12:02.112Z"}
{"level":"info","message":"Conected to MongoDB","timestamp":"2019-05-28T15:12:03.136Z"}
{"level":"info","message":"Listening Port: 3000","timestamp":"2019-05-28T15:12:21.479Z"}
{"level":"info","message":"Conected to MongoDB","timestamp":"2019-05-28T15:12:22.502Z"}
{"level":"info","message":"Listening Port: 3000","timestamp":"2019-05-28T15:14:08.309Z"}
{"level":"info","message":"Conected to MongoDB","timestamp":"2019-05-28T15:14:09.332Z"}
{"level":"info","message":"Listening Port: 3000","timestamp":"2019-05-28T15:14:20.690Z"}
{"level":"info","message":"Conected to MongoDB","timestamp":"2019-05-28T15:14:21.713Z"}
{"level":"info","message":"Listening Port: 3000","timestamp":"2019-05-28T15:17:26.172Z"}
{"level":"info","message":"Conected to MongoDB","timestamp":"2019-05-28T15:17:27.197Z"}
{"level":"info","message":"Listening Port: 3000","timestamp":"2019-05-28T15:19:39.068Z"}
{"level":"info","message":"Conected to MongoDB","timestamp":"2019-05-28T15:19:40.091Z"}
{"level":"info","message":"Listening Port: 3000","timestamp":"2019-05-28T15:19:57.114Z"}
{"level":"info","message":"Conected to MongoDB","timestamp":"2019-05-28T15:19:58.137Z"}
=======
{"level":"info","message":"Conected to MongoDB","timestamp":"2019-05-24T00:10:12.940Z"}
{"level":"info","message":"Conected to MongoDB","timestamp":"2019-05-24T00:55:47.941Z"}
{"level":"info","message":"Conected to MongoDB","timestamp":"2019-05-24T00:59:33.154Z"}
{"level":"info","message":"Conected to MongoDB","timestamp":"2019-05-24T01:03:45.313Z"}
{"level":"info","message":"Conected to MongoDB","timestamp":"2019-05-24T01:05:30.300Z"}
{"level":"info","message":"Conected to MongoDB","timestamp":"2019-05-24T01:06:28.325Z"}
{"level":"info","message":"Conected to MongoDB","timestamp":"2019-05-24T01:13:02.019Z"}
{"level":"info","message":"Conected to MongoDB","timestamp":"2019-05-24T01:13:12.947Z"}
{"level":"info","message":"Conected to MongoDB","timestamp":"2019-05-24T02:01:36.714Z"}
{"level":"info","message":"Conected to MongoDB","timestamp":"2019-05-24T02:03:29.080Z"}
{"level":"info","message":"Conected to MongoDB","timestamp":"2019-05-24T02:05:32.999Z"}
{"level":"info","message":"Conected to MongoDB","timestamp":"2019-05-24T02:06:09.928Z"}
{"level":"info","message":"Conected to MongoDB","timestamp":"2019-05-24T02:06:18.178Z"}
{"level":"info","message":"Conected to MongoDB","timestamp":"2019-05-24T18:05:47.077Z"}
{"level":"info","message":"Conected to MongoDB","timestamp":"2019-05-24T18:08:03.095Z"}
{"level":"info","message":"Conected to MongoDB","timestamp":"2019-05-24T18:12:27.682Z"}
{"level":"info","message":"Conected to MongoDB","timestamp":"2019-05-24T18:17:56.205Z"}
{"level":"info","message":"Conected to MongoDB","timestamp":"2019-05-24T18:18:36.804Z"}
{"level":"info","message":"Conected to MongoDB","timestamp":"2019-05-24T18:20:13.006Z"}
{"level":"info","message":"Conected to MongoDB","timestamp":"2019-05-24T18:25:47.010Z"}
{"level":"info","message":"Conected to MongoDB","timestamp":"2019-05-24T18:26:58.084Z"}
{"level":"info","message":"Conected to MongoDB","timestamp":"2019-05-24T18:27:54.293Z"}
{"level":"info","message":"Conected to MongoDB","timestamp":"2019-05-24T18:29:27.037Z"}
{"level":"info","message":"Conected to MongoDB","timestamp":"2019-05-24T18:34:12.380Z"}
{"level":"info","message":"Conected to MongoDB","timestamp":"2019-05-24T18:34:41.161Z"}
{"level":"info","message":"Conected to MongoDB","timestamp":"2019-05-24T18:35:46.613Z"}
{"level":"info","message":"Conected to MongoDB","timestamp":"2019-05-24T18:43:33.196Z"}
{"level":"info","message":"Conected to MongoDB","timestamp":"2019-05-24T18:43:37.311Z"}
{"level":"info","message":"Conected to MongoDB","timestamp":"2019-05-24T18:43:41.164Z"}
{"level":"info","message":"Conected to MongoDB","timestamp":"2019-05-24T18:43:44.550Z"}
{"level":"info","message":"Conected to MongoDB","timestamp":"2019-05-24T18:43:51.909Z"}
{"level":"info","message":"Conected to MongoDB","timestamp":"2019-05-24T18:46:32.600Z"}
{"level":"info","message":"Conected to MongoDB","timestamp":"2019-05-24T18:54:56.360Z"}
{"level":"info","message":"Conected to MongoDB","timestamp":"2019-05-24T19:04:04.882Z"}
{"level":"info","message":"Conected to MongoDB","timestamp":"2019-05-24T19:05:08.810Z"}
{"level":"info","message":"Conected to MongoDB","timestamp":"2019-05-24T19:05:54.054Z"}
{"level":"info","message":"Conected to MongoDB","timestamp":"2019-05-24T19:08:39.381Z"}
{"level":"info","message":"Conected to MongoDB","timestamp":"2019-05-24T19:09:36.594Z"}
{"level":"info","message":"Conected to MongoDB","timestamp":"2019-05-24T19:10:31.913Z"}
{"level":"info","message":"Conected to MongoDB","timestamp":"2019-05-24T19:11:26.223Z"}
{"level":"info","message":"Conected to MongoDB","timestamp":"2019-05-24T19:12:16.152Z"}
{"level":"info","message":"Conected to MongoDB","timestamp":"2019-05-24T19:13:07.599Z"}
{"level":"info","message":"Conected to MongoDB","timestamp":"2019-05-24T19:14:38.084Z"}
{"level":"info","message":"Conected to MongoDB","timestamp":"2019-05-24T19:14:49.116Z"}
{"level":"info","message":"Conected to MongoDB","timestamp":"2019-05-24T19:15:20.635Z"}
{"level":"info","message":"Conected to MongoDB","timestamp":"2019-05-24T19:15:34.342Z"}
{"level":"info","message":"Conected to MongoDB","timestamp":"2019-05-24T19:18:04.666Z"}
{"level":"info","message":"Conected to MongoDB","timestamp":"2019-05-24T19:20:04.900Z"}
{"level":"info","message":"Conected to MongoDB","timestamp":"2019-05-24T19:22:13.809Z"}
{"level":"info","message":"Conected to MongoDB","timestamp":"2019-05-24T23:24:30.914Z"}
{"level":"info","message":"Conected to MongoDB","timestamp":"2019-05-24T23:26:07.813Z"}
{"level":"info","message":"Conected to MongoDB","timestamp":"2019-05-24T23:26:31.566Z"}
{"level":"info","message":"Conected to MongoDB","timestamp":"2019-05-24T23:27:05.633Z"}
{"level":"info","message":"Conected to MongoDB","timestamp":"2019-05-24T23:29:53.394Z"}
{"level":"info","message":"Conected to MongoDB","timestamp":"2019-05-24T23:30:21.963Z"}
>>>>>>> b6497a29bae672c5b7a3152fe7f2f87a4438c549
{"level":"info","message":"Listening Port: 3000","timestamp":"2019-05-28T19:33:19.790Z"}
{"level":"info","message":"Conected to MongoDB","timestamp":"2019-05-28T19:33:20.818Z"}
{"level":"info","message":"Listening Port: 3000","timestamp":"2019-05-28T19:37:55.947Z"}
{"level":"info","message":"Conected to MongoDB","timestamp":"2019-05-28T19:37:56.969Z"}
{"level":"info","message":"Listening Port: 3000","timestamp":"2019-05-28T19:38:46.417Z"}
{"level":"info","message":"Conected to MongoDB","timestamp":"2019-05-28T19:38:47.441Z"}
{"level":"info","message":"Listening Port: 3000","timestamp":"2019-05-28T19:41:56.299Z"}
{"level":"info","message":"Conected to MongoDB","timestamp":"2019-05-28T19:41:57.322Z"}
{"level":"info","message":"Listening Port: 3000","timestamp":"2019-05-28T19:44:00.678Z"}
{"level":"info","message":"Conected to MongoDB","timestamp":"2019-05-28T19:44:01.700Z"}
{"level":"info","message":"Listening Port: 3000","timestamp":"2019-05-28T19:46:27.129Z"}
{"level":"info","message":"Conected to MongoDB","timestamp":"2019-05-28T19:46:28.155Z"}
{"level":"info","message":"Listening Port: 3000","timestamp":"2019-05-28T19:49:01.918Z"}
{"level":"info","message":"Conected to MongoDB","timestamp":"2019-05-28T19:49:02.943Z"}
{"level":"info","message":"Listening Port: 3000","timestamp":"2019-05-28T19:56:06.518Z"}
{"level":"info","message":"Conected to MongoDB","timestamp":"2019-05-28T19:56:07.542Z"}
{"level":"info","message":"Listening Port: 3000","timestamp":"2019-05-28T20:14:35.808Z"}
{"level":"info","message":"Conected to MongoDB","timestamp":"2019-05-28T20:14:36.832Z"}
{"level":"info","message":"Listening Port: 3000","timestamp":"2019-05-28T20:30:50.694Z"}
{"level":"info","message":"Conected to MongoDB","timestamp":"2019-05-28T20:30:51.721Z"}
{"level":"info","message":"Listening Port: 3000","timestamp":"2019-05-28T20:34:29.874Z"}
{"level":"info","message":"Conected to MongoDB","timestamp":"2019-05-28T20:34:30.900Z"}
{"level":"info","message":"Listening Port: 3000","timestamp":"2019-05-28T20:34:57.429Z"}
{"level":"info","message":"Conected to MongoDB","timestamp":"2019-05-28T20:34:58.454Z"}
{"level":"info","message":"Listening Port: 3000","timestamp":"2019-05-28T20:35:33.777Z"}
{"level":"info","message":"Conected to MongoDB","timestamp":"2019-05-28T20:35:34.802Z"}
{"level":"info","message":"Listening Port: 3000","timestamp":"2019-05-28T20:47:25.287Z"}
{"level":"info","message":"Conected to MongoDB","timestamp":"2019-05-28T20:47:26.312Z"}
{"level":"info","message":"Listening Port: 3000","timestamp":"2019-05-28T20:50:03.524Z"}
{"level":"info","message":"Conected to MongoDB","timestamp":"2019-05-28T20:50:04.549Z"}
{"level":"info","message":"Listening Port: 3000","timestamp":"2019-05-28T20:50:53.413Z"}
{"level":"info","message":"Conected to MongoDB","timestamp":"2019-05-28T20:50:54.439Z"}
{"level":"info","message":"Listening Port: 3000","timestamp":"2019-05-28T20:51:30.258Z"}
{"level":"info","message":"Conected to MongoDB","timestamp":"2019-05-28T20:51:31.283Z"}
{"level":"info","message":"Listening Port: 3000","timestamp":"2019-05-28T20:52:37.323Z"}
{"level":"info","message":"Conected to MongoDB","timestamp":"2019-05-28T20:52:38.349Z"}
{"level":"info","message":"Listening Port: 3000","timestamp":"2019-05-28T20:53:22.583Z"}
{"level":"info","message":"Conected to MongoDB","timestamp":"2019-05-28T20:53:23.608Z"}
{"level":"info","message":"Listening Port: 3000","timestamp":"2019-05-28T20:53:47.815Z"}
{"level":"info","message":"Conected to MongoDB","timestamp":"2019-05-28T20:53:48.848Z"}
{"level":"info","message":"Listening Port: 3000","timestamp":"2019-05-28T20:54:42.098Z"}
{"level":"info","message":"Conected to MongoDB","timestamp":"2019-05-28T20:54:43.123Z"}
{"level":"info","message":"Listening Port: 3000","timestamp":"2019-05-28T20:55:23.081Z"}
{"level":"info","message":"Conected to MongoDB","timestamp":"2019-05-28T20:55:24.106Z"}
{"level":"info","message":"Listening Port: 3000","timestamp":"2019-05-28T21:10:04.914Z"}
{"level":"info","message":"Conected to MongoDB","timestamp":"2019-05-28T21:10:05.938Z"}
{"level":"info","message":"Listening Port: 3000","timestamp":"2019-05-28T21:31:38.861Z"}
{"level":"info","message":"Conected to MongoDB","timestamp":"2019-05-28T21:31:39.885Z"}
{"level":"info","message":"Listening Port: 3000","timestamp":"2019-05-28T21:48:07.733Z"}
{"level":"info","message":"Conected to MongoDB","timestamp":"2019-05-28T21:48:08.758Z"}
{"level":"info","message":"Listening Port: 3000","timestamp":"2019-05-28T21:48:36.978Z"}
{"level":"info","message":"Conected to MongoDB","timestamp":"2019-05-28T21:48:38.002Z"}
{"level":"info","message":"Listening Port: 3000","timestamp":"2019-05-28T21:54:35.001Z"}
{"level":"info","message":"Conected to MongoDB","timestamp":"2019-05-28T21:54:36.026Z"}
{"level":"info","message":"Listening Port: 3000","timestamp":"2019-06-03T13:51:06.173Z"}
{"level":"info","message":"Conected to MongoDB","timestamp":"2019-06-03T13:51:07.201Z"}
{"level":"info","message":"Listening Port: 3000","timestamp":"2019-06-03T13:55:43.113Z"}
{"level":"info","message":"Conected to MongoDB","timestamp":"2019-06-03T13:55:44.139Z"}
{"level":"info","message":"Listening Port: 3000","timestamp":"2019-06-03T14:01:00.300Z"}
{"level":"info","message":"Conected to MongoDB","timestamp":"2019-06-03T14:01:01.324Z"}
{"level":"info","message":"Listening Port: 3000","timestamp":"2019-06-03T14:01:26.242Z"}
{"level":"info","message":"Conected to MongoDB","timestamp":"2019-06-03T14:01:27.266Z"}
{"level":"info","message":"Listening Port: 3000","timestamp":"2019-06-03T19:58:10.245Z"}
{"level":"info","message":"Conected to MongoDB","timestamp":"2019-06-03T19:58:11.269Z"}
{"level":"info","message":"Listening Port: 3000","timestamp":"2019-06-03T22:34:28.285Z"}
{"level":"info","message":"Conected to MongoDB","timestamp":"2019-06-03T22:34:29.309Z"}
{"level":"info","message":"Listening Port: 3000","timestamp":"2019-06-04T10:23:22.829Z"}
{"level":"info","message":"Conected to MongoDB","timestamp":"2019-06-04T10:23:23.858Z"}
{"level":"info","message":"Listening Port: 3000","timestamp":"2019-06-04T14:40:20.775Z"}
{"level":"info","message":"Conected to MongoDB","timestamp":"2019-06-04T14:40:21.911Z"}
{"level":"info","message":"Listening Port: 3000","timestamp":"2019-06-04T14:40:37.394Z"}
{"level":"info","message":"Conected to MongoDB","timestamp":"2019-06-04T14:40:38.420Z"}
{"level":"info","message":"Listening Port: 3000","timestamp":"2019-06-04T14:43:55.932Z"}
{"level":"info","message":"Conected to MongoDB","timestamp":"2019-06-04T14:43:57.009Z"}
{"level":"info","message":"Listening Port: 3000","timestamp":"2019-06-04T14:59:05.078Z"}
{"level":"info","message":"Conected to MongoDB","timestamp":"2019-06-04T14:59:06.147Z"}
{"level":"info","message":"Listening Port: 3000","timestamp":"2019-06-05T11:08:08.252Z"}
{"level":"info","message":"Conected to MongoDB","timestamp":"2019-06-05T11:08:09.317Z"}
{"level":"info","message":"Listening Port: 3000","timestamp":"2019-06-05T11:10:07.947Z"}
{"level":"info","message":"Conected to MongoDB","timestamp":"2019-06-05T11:10:09.197Z"}
{"level":"info","message":"Listening Port: 3000","timestamp":"2019-06-05T11:11:04.913Z"}
{"level":"info","message":"Conected to MongoDB","timestamp":"2019-06-05T11:11:06.129Z"}
{"level":"info","message":"Listening Port: 3000","timestamp":"2019-06-05T11:11:08.522Z"}
{"level":"info","message":"Conected to MongoDB","timestamp":"2019-06-05T11:11:09.628Z"}
{"level":"info","message":"Listening Port: 3000","timestamp":"2019-06-05T11:16:08.764Z"}
{"level":"info","message":"Conected to MongoDB","timestamp":"2019-06-05T11:16:09.858Z"}
{"level":"info","message":"Listening Port: 3000","timestamp":"2019-06-05T11:19:08.966Z"}
{"level":"info","message":"Conected to MongoDB","timestamp":"2019-06-05T11:19:10.107Z"}
{"level":"info","message":"Listening Port: 3000","timestamp":"2019-06-05T11:19:27.804Z"}
{"level":"info","message":"Conected to MongoDB","timestamp":"2019-06-05T11:19:28.828Z"}
{"level":"info","message":"Listening Port: 3000","timestamp":"2019-06-05T11:38:39.311Z"}
{"level":"info","message":"Conected to MongoDB","timestamp":"2019-06-05T11:38:40.337Z"}
{"level":"info","message":"Listening Port: 3000","timestamp":"2019-06-05T11:41:42.563Z"}
{"level":"info","message":"Conected to MongoDB","timestamp":"2019-06-05T11:41:43.587Z"}
{"level":"info","message":"Listening Port: 3000","timestamp":"2019-06-05T11:44:54.505Z"}
{"level":"info","message":"Conected to MongoDB","timestamp":"2019-06-05T11:44:55.535Z"}
{"level":"info","message":"Listening Port: 3000","timestamp":"2019-06-05T11:49:43.624Z"}
{"level":"info","message":"Conected to MongoDB","timestamp":"2019-06-05T11:49:44.663Z"}
{"level":"info","message":"Listening Port: 3000","timestamp":"2019-06-05T11:54:29.394Z"}
{"level":"info","message":"Conected to MongoDB","timestamp":"2019-06-05T11:54:30.688Z"}
{"level":"info","message":"Listening Port: 3000","timestamp":"2019-06-05T11:57:02.140Z"}
{"level":"info","message":"Conected to MongoDB","timestamp":"2019-06-05T11:57:03.215Z"}
{"level":"info","message":"Listening Port: 3000","timestamp":"2019-06-05T11:57:34.140Z"}
{"level":"info","message":"Conected to MongoDB","timestamp":"2019-06-05T11:57:35.177Z"}
{"level":"info","message":"Listening Port: 3000","timestamp":"2019-06-05T12:02:00.956Z"}
{"level":"info","message":"Conected to MongoDB","timestamp":"2019-06-05T12:02:02.056Z"}
{"level":"info","message":"Listening Port: 3000","timestamp":"2019-06-05T12:05:20.720Z"}
{"level":"info","message":"Conected to MongoDB","timestamp":"2019-06-05T12:05:21.769Z"}
{"level":"info","message":"Listening Port: 3000","timestamp":"2019-06-05T12:06:14.156Z"}
{"level":"info","message":"Conected to MongoDB","timestamp":"2019-06-05T12:06:15.188Z"}
